Starting DemoApplication on DESKTOP-QHQ2DNK with PID 13300 (F:\IdeaProjects\exceldemo-jpa\target\classes started by lyk in F:\IdeaProjects\exceldemo-jpa)
No active profile set, falling back to default profiles: default
Refreshing org.springframework.boot.web.servlet.context.AnnotationConfigServletWebServerApplicationContext@3911c2a7: startup date [Thu Jul 19 17:25:44 CST 2018]; root of context hierarchy
Bean 'org.springframework.transaction.annotation.ProxyTransactionManagementConfiguration' of type [org.springframework.transaction.annotation.ProxyTransactionManagementConfiguration$$EnhancerBySpringCGLIB$$e328e661] is not eligible for getting processed by all BeanPostProcessors (for example: not eligible for auto-proxying)
Tomcat initialized with port(s): 8080 (http)
Initializing ProtocolHandler ["http-nio-8080"]
Starting service [Tomcat]
Starting Servlet Engine: Apache Tomcat/8.5.31
Loaded APR based Apache Tomcat Native library [1.2.16] using APR version [1.6.3].
APR capabilities: IPv6 [true], sendfile [true], accept filters [false], random [true].
APR/OpenSSL configuration: useAprConnector [false], useOpenSSL [true]
OpenSSL successfully initialized [OpenSSL 1.0.2m  2 Nov 2017]
Initializing Spring embedded WebApplicationContext
Root WebApplicationContext: initialization completed in 1865 ms
Servlet dispatcherServlet mapped to [/]
Mapping filter: 'characterEncodingFilter' to: [/*]
Mapping filter: 'hiddenHttpMethodFilter' to: [/*]
Mapping filter: 'httpPutFormContentFilter' to: [/*]
Mapping filter: 'requestContextFilter' to: [/*]
HikariPool-1 - Starting...
HikariPool-1 - Start completed.
Building JPA container EntityManagerFactory for persistence unit 'default'
HHH000204: Processing PersistenceUnitInfo [
	name: default
	...]
HHH000412: Hibernate Core {5.2.17.Final}
HHH000206: hibernate.properties not found
HCANN000001: Hibernate Commons Annotations {5.0.1.Final}
HHH000400: Using dialect: org.hibernate.dialect.MySQL5Dialect
Initialized JPA EntityManagerFactory for persistence unit 'default'
Mapped URL path [/**/favicon.ico] onto handler of type [class org.springframework.web.servlet.resource.ResourceHttpRequestHandler]
Looking for @ControllerAdvice: org.springframework.boot.web.servlet.context.AnnotationConfigServletWebServerApplicationContext@3911c2a7: startup date [Thu Jul 19 17:25:44 CST 2018]; root of context hierarchy
spring.jpa.open-in-view is enabled by default. Therefore, database queries may be performed during view rendering. Explicitly configure spring.jpa.open-in-view to disable this warning
Mapped "{[/excel/file]}" onto public java.lang.String com.excel.demo.controller.ExcelController.file()
Mapped "{[/excel/import]}" onto public java.lang.String com.excel.demo.controller.ExcelController.dataImport(org.springframework.web.multipart.MultipartFile)
Mapped "{[/excel/export]}" onto public java.lang.String com.excel.demo.controller.ExcelController.dataExport(javax.servlet.http.HttpServletResponse)
Mapped "{[/error]}" onto public org.springframework.http.ResponseEntity<java.util.Map<java.lang.String, java.lang.Object>> org.springframework.boot.autoconfigure.web.servlet.error.BasicErrorController.error(javax.servlet.http.HttpServletRequest)
Mapped "{[/error],produces=[text/html]}" onto public org.springframework.web.servlet.ModelAndView org.springframework.boot.autoconfigure.web.servlet.error.BasicErrorController.errorHtml(javax.servlet.http.HttpServletRequest,javax.servlet.http.HttpServletResponse)
Mapped URL path [/webjars/**] onto handler of type [class org.springframework.web.servlet.resource.ResourceHttpRequestHandler]
Mapped URL path [/**] onto handler of type [class org.springframework.web.servlet.resource.ResourceHttpRequestHandler]
[THYMELEAF][main] Template Mode 'HTML5' is deprecated. Using Template Mode 'HTML' instead.
Registering beans for JMX exposure on startup
Bean with name 'dataSource' has been autodetected for JMX exposure
Located MBean 'dataSource': registering with JMX server as MBean [com.zaxxer.hikari:name=dataSource,type=HikariDataSource]
Starting ProtocolHandler ["http-nio-8080"]
Using a shared selector for servlet write/read
Tomcat started on port(s): 8080 (http) with context path ''
Started DemoApplication in 3.588 seconds (JVM running for 4.014)
